<?xml version="1.0" encoding="UTF-8"?>
<testsuite xmlns:xsi="http://www.w3.org/2001/XMLSchema-instance" xsi:noNamespaceSchemaLocation="https://maven.apache.org/surefire/maven-surefire-plugin/xsd/surefire-test-report.xsd" version="3.0.2" name="com.mastercard.mcs.virtualcardtokens.service.MasterCardVCTCheckoutServiceTest" time="1.628" tests="5" errors="0" skipped="0" failures="0">
  <properties>
[...]
</properties>
  <testcase name="testCustomFetchTransactionCredentials_httpError" classname="com.mastercard.mcs.virtualcardtokens.service.MasterCardVCTCheckoutServiceTest" time="0.47">
    <system-out><![CDATA[2025-08-05T17:57:40.297Z  INFO 5621 --- [virtualcardtokens] [           main] t.c.s.AnnotationConfigContextLoaderUtils : Could not detect default configuration classes for test class [com.mastercard.mcs.virtualcardtokens.service.MasterCardVCTCheckoutServiceTest]: MasterCardVCTCheckoutServiceTest does not declare any static, non-private, non-final, nested classes annotated with @Configuration.
2025-08-05T17:57:40.300Z  INFO 5621 --- [virtualcardtokens] [           main] .b.t.c.SpringBootTestContextBootstrapper : Found @SpringBootConfiguration com.mastercard.mcs.virtualcardtokens.VirtualCardReferenceApplication for test class com.mastercard.mcs.virtualcardtokens.service.MasterCardVCTCheckoutServiceTest
]]></system-out>
  </testcase>
  <testcase name="testFetchTransactionCredentials_shouldCallApiSuccessfully" classname="com.mastercard.mcs.virtualcardtokens.service.MasterCardVCTCheckoutServiceTest" time="0.091"/>
  <testcase name="testCustomFetchTransactionCredentials_exception" classname="com.mastercard.mcs.virtualcardtokens.service.MasterCardVCTCheckoutServiceTest" time="0.37"/>
  <testcase name="testCustomFetchTransactionCredentials_shouldReturnResponseEntity(boolean, String, String)[1]" classname="com.mastercard.mcs.virtualcardtokens.service.MasterCardVCTCheckoutServiceTest" time="0.327"/>
  <testcase name="testCustomFetchTransactionCredentials_shouldReturnResponseEntity(boolean, String, String)[2]" classname="com.mastercard.mcs.virtualcardtokens.service.MasterCardVCTCheckoutServiceTest" time="0.118"/>
</testsuite>